<?xml version="1.0" encoding="UTF-8"?>
<!-- Generated by org.testng.reporters.JUnitXMLReporter -->
<testsuite ignored="0" hostname="fv-az1435-572" failures="0" tests="0" name="Surefire test" time="0.093" errors="0" timestamp="2025-02-16T06:41:47 UTC">
  <testcase classname="io.cucumber.testng.AbstractTestNGCucumberTests" name="@BeforeClass setUpClass" time="0.078">
    <failure type="java.lang.IllegalAccessError" message="class io.cucumber.testng.TestNGCucumberRunner tried to access method &amp;apos;io.cucumber.core.eventbus.UuidGenerator io.cucumber.core.runtime.UuidGeneratorServiceLoader.loadUuidGenerator()&amp;apos; (io.cucumber.testng.TestNGCucumberRunner and io.cucumber.core.runtime.UuidGeneratorServiceLoader are in unnamed module of loader &amp;apos;app&amp;apos;)">
      <![CDATA[java.lang.IllegalAccessError: class io.cucumber.testng.TestNGCucumberRunner tried to access method 'io.cucumber.core.eventbus.UuidGenerator io.cucumber.core.runtime.UuidGeneratorServiceLoader.loadUuidGenerator()' (io.cucumber.testng.TestNGCucumberRunner and io.cucumber.core.runtime.UuidGeneratorServiceLoader are in unnamed module of loader 'app')
at io.cucumber.testng.TestNGCucumberRunner.<init>(TestNGCucumberRunner.java:105)
at io.cucumber.testng.AbstractTestNGCucumberTests.setUpClass(AbstractTestNGCucumberTests.java:27)
at java.base/java.util.ArrayList.forEach(ArrayList.java:1596)
... Removed 28 stack frames]]>
    </failure>
  </testcase> <!-- @BeforeClass setUpClass -->
</testsuite> <!-- Surefire test -->
